0 info it worked if it ends with ok
1 verbose cli [ '/usr/bin/node', '/usr/bin/npm', 'install', '-g', 'npm@latest' ]
2 info using npm@1.4.21
3 info using node@v8.11.1
4 verbose cache add [ 'npm@latest', null ]
5 verbose cache add name=undefined spec="npm@latest" args=["npm@latest",null]
6 verbose parsed url Url {
6 verbose parsed url   protocol: null,
6 verbose parsed url   slashes: null,
6 verbose parsed url   auth: null,
6 verbose parsed url   host: null,
6 verbose parsed url   port: null,
6 verbose parsed url   hostname: null,
6 verbose parsed url   hash: null,
6 verbose parsed url   search: null,
6 verbose parsed url   query: null,
6 verbose parsed url   pathname: 'npm@latest',
6 verbose parsed url   path: 'npm@latest',
6 verbose parsed url   href: 'npm@latest' }
7 verbose cache add name="npm" spec="latest" args=["npm","latest"]
8 verbose parsed url Url {
8 verbose parsed url   protocol: null,
8 verbose parsed url   slashes: null,
8 verbose parsed url   auth: null,
8 verbose parsed url   host: null,
8 verbose parsed url   port: null,
8 verbose parsed url   hostname: null,
8 verbose parsed url   hash: null,
8 verbose parsed url   search: null,
8 verbose parsed url   query: null,
8 verbose parsed url   pathname: 'latest',
8 verbose parsed url   path: 'latest',
8 verbose parsed url   href: 'latest' }
9 verbose addNamed [ 'npm', 'latest' ]
10 verbose addNamed [ null, null ]
11 silly lockFile 588f5fcc-npm-latest npm@latest
12 verbose lock npm@latest /home/pi/.npm/588f5fcc-npm-latest.lock
13 info addNameTag [ 'npm', 'latest' ]
14 verbose request where is /npm
15 verbose request registry https://registry.npmjs.org/
16 verbose request id a140350444a70642
17 verbose url raw /npm
18 verbose url resolving [ 'https://registry.npmjs.org/', './npm' ]
19 verbose url resolved https://registry.npmjs.org/npm
20 verbose request where is https://registry.npmjs.org/npm
21 info trying registry request attempt 1 at 10:12:55
22 verbose etag W/"ae576a514a7913d872c6464bbdef4c4c"
23 http GET https://registry.npmjs.org/npm
24 http 304 https://registry.npmjs.org/npm
25 silly registry.get cb [ 304,
25 silly registry.get   { date: 'Tue, 19 Mar 2019 13:12:56 GMT',
25 silly registry.get     connection: 'close',
25 silly registry.get     'set-cookie':
25 silly registry.get      [ '__cfduid=dfe37057707ed63b46429589e66c517d41553001176; expires=Wed, 18-Mar-20 13:12:56 GMT; path=/; domain=.registry.npmjs.org; HttpOnly' ],
25 silly registry.get     'cf-cache-status': 'HIT',
25 silly registry.get     'cache-control': 'max-age=300',
25 silly registry.get     'cf-ray': '4b9fb36aedafc7b7-DEN',
25 silly registry.get     etag: '"ae576a514a7913d872c6464bbdef4c4c"',
25 silly registry.get     'expect-ct': 'max-age=604800, report-uri="https://report-uri.cloudflare.com/cdn-cgi/beacon/expect-ct"',
25 silly registry.get     'last-modified': 'Wed, 06 Mar 2019 19:03:34 GMT',
25 silly registry.get     vary: 'accept-encoding, accept',
25 silly registry.get     'x-amz-meta-rev': '2035-d59fefef10f6ad1faf5342750fe6de31',
25 silly registry.get     server: 'cloudflare' } ]
26 verbose etag https://registry.npmjs.org/npm from cache
27 verbose addNamed [ 'npm', '6.9.0' ]
28 verbose addNamed [ '6.9.0', '6.9.0' ]
29 silly lockFile 626b1efd-npm-6-9-0 npm@6.9.0
30 verbose lock npm@6.9.0 /home/pi/.npm/626b1efd-npm-6-9-0.lock
31 silly lockFile 626b1efd-npm-6-9-0 npm@6.9.0
32 silly lockFile 626b1efd-npm-6-9-0 npm@6.9.0
33 silly lockFile 588f5fcc-npm-latest npm@latest
34 silly lockFile 588f5fcc-npm-latest npm@latest
35 silly resolved [ { version: '6.9.0',
35 silly resolved     name: 'npm',
35 silly resolved     description: 'a package manager for JavaScript',
35 silly resolved     keywords: [ 'install', 'modules', 'package manager', 'package.json' ],
35 silly resolved     preferGlobal: true,
35 silly resolved     config: { publishtest: false },
35 silly resolved     homepage: 'https://docs.npmjs.com/',
35 silly resolved     author:
35 silly resolved      { name: 'Isaac Z. Schlueter',
35 silly resolved        email: 'i@izs.me',
35 silly resolved        url: 'http://blog.izs.me' },
35 silly resolved     repository: { type: 'git', url: 'git+https://github.com/npm/cli.git' },
35 silly resolved     bugs: { url: 'https://npm.community/c/bugs' },
35 silly resolved     directories: { bin: './bin', doc: './doc', lib: './lib', man: './man' },
35 silly resolved     main: './lib/npm.js',
35 silly resolved     bin: { npm: './bin/npm-cli.js', npx: './bin/npx-cli.js' },
35 silly resolved     dependencies:
35 silly resolved      { JSONStream: '^1.3.5',
35 silly resolved        abbrev: '~1.1.1',
35 silly resolved        ansicolors: '~0.3.2',
35 silly resolved        ansistyles: '~0.1.3',
35 silly resolved        aproba: '^2.0.0',
35 silly resolved        archy: '~1.0.0',
35 silly resolved        'bin-links': '^1.1.2',
35 silly resolved        bluebird: '^3.5.3',
35 silly resolved        'byte-size': '^5.0.1',
35 silly resolved        cacache: '^11.3.2',
35 silly resolved        'call-limit': '~1.1.0',
35 silly resolved        chownr: '^1.1.1',
35 silly resolved        'ci-info': '^2.0.0',
35 silly resolved        'cli-columns': '^3.1.2',
35 silly resolved        'cli-table3': '^0.5.1',
35 silly resolved        'cmd-shim': '~2.0.2',
35 silly resolved        columnify: '~1.5.4',
35 silly resolved        'config-chain': '^1.1.12',
35 silly resolved        'detect-indent': '~5.0.0',
35 silly resolved        'detect-newline': '^2.1.0',
35 silly resolved        dezalgo: '~1.0.3',
35 silly resolved        editor: '~1.0.0',
35 silly resolved        'figgy-pudding': '^3.5.1',
35 silly resolved        'find-npm-prefix': '^1.0.2',
35 silly resolved        'fs-vacuum': '~1.2.10',
35 silly resolved        'fs-write-stream-atomic': '~1.0.10',
35 silly resolved        'gentle-fs': '^2.0.1',
35 silly resolved        glob: '^7.1.3',
35 silly resolved        'graceful-fs': '^4.1.15',
35 silly resolved        'has-unicode': '~2.0.1',
35 silly resolved        'hosted-git-info': '^2.7.1',
35 silly resolved        iferr: '^1.0.2',
35 silly resolved        inflight: '~1.0.6',
35 silly resolved        inherits: '~2.0.3',
35 silly resolved        ini: '^1.3.5',
35 silly resolved        'init-package-json': '^1.10.3',
35 silly resolved        'is-cidr': '^3.0.0',
35 silly resolved        'json-parse-better-errors': '^1.0.2',
35 silly resolved        'lazy-property': '~1.0.0',
35 silly resolved        libcipm: '^3.0.3',
35 silly resolved        libnpm: '^2.0.1',
35 silly resolved        libnpmhook: '^5.0.2',
35 silly resolved        libnpx: '^10.2.0',
35 silly resolved        'lock-verify': '^2.1.0',
35 silly resolved        lockfile: '^1.0.4',
35 silly resolved        'lodash._baseuniq': '~4.6.0',
35 silly resolved        'lodash.clonedeep': '~4.5.0',
35 silly resolved        'lodash.union': '~4.6.0',
35 silly resolved        'lodash.uniq': '~4.5.0',
35 silly resolved        'lodash.without': '~4.4.0',
35 silly resolved        'lru-cache': '^4.1.5',
35 silly resolved        meant: '~1.0.1',
35 silly resolved        mississippi: '^3.0.0',
35 silly resolved        mkdirp: '~0.5.1',
35 silly resolved        'move-concurrently': '^1.0.1',
35 silly resolved        'node-gyp': '^3.8.0',
35 silly resolved        nopt: '~4.0.1',
35 silly resolved        'normalize-package-data': '^2.5.0',
35 silly resolved        'npm-audit-report': '^1.3.2',
35 silly resolved        'npm-cache-filename': '~1.0.2',
35 silly resolved        'npm-install-checks': '~3.0.0',
35 silly resolved        'npm-lifecycle': '^2.1.0',
35 silly resolved        'npm-package-arg': '^6.1.0',
35 silly resolved        'npm-packlist': '^1.4.1',
35 silly resolved        'npm-pick-manifest': '^2.2.3',
35 silly resolved        'npm-registry-fetch': '^3.9.0',
35 silly resolved        'npm-user-validate': '~1.0.0',
35 silly resolved        npmlog: '~4.1.2',
35 silly resolved        once: '~1.4.0',
35 silly resolved        opener: '^1.5.1',
35 silly resolved        osenv: '^0.1.5',
35 silly resolved        pacote: '^9.5.0',
35 silly resolved        'path-is-inside': '~1.0.2',
35 silly resolved        'promise-inflight': '~1.0.1',
35 silly resolved        'qrcode-terminal': '^0.12.0',
35 silly resolved        'query-string': '^6.2.0',
35 silly resolved        qw: '~1.0.1',
35 silly resolved        read: '~1.0.7',
35 silly resolved        'read-cmd-shim': '~1.0.1',
35 silly resolved        'read-installed': '~4.0.3',
35 silly resolved        'read-package-json': '^2.0.13',
35 silly resolved        'read-package-tree': '^5.2.2',
35 silly resolved        'readable-stream': '^3.1.1',
35 silly resolved        request: '^2.88.0',
35 silly resolved        retry: '^0.12.0',
35 silly resolved        rimraf: '^2.6.3',
35 silly resolved        'safe-buffer': '^5.1.2',
35 silly resolved        semver: '^5.6.0',
35 silly resolved        sha: '~2.0.1',
35 silly resolved        slide: '~1.1.6',
35 silly resolved        'sorted-object': '~2.0.1',
35 silly resolved        'sorted-union-stream': '~2.1.3',
35 silly resolved        ssri: '^6.0.1',
35 silly resolved        'stringify-package': '^1.0.0',
35 silly resolved        tar: '^4.4.8',
35 silly resolved        'text-table': '~0.2.0',
35 silly resolved        'tiny-relative-date': '^1.3.0',
35 silly resolved        'uid-number': '0.0.6',
35 silly resolved        umask: '~1.1.0',
35 silly resolved        'unique-filename': '^1.1.1',
35 silly resolved        unpipe: '~1.0.0',
35 silly resolved        'update-notifier': '^2.5.0',
35 silly resolved        uuid: '^3.3.2',
35 silly resolved        'validate-npm-package-license': '^3.0.4',
35 silly resolved        'validate-npm-package-name': '~3.0.0',
35 silly resolved        which: '^1.3.1',
35 silly resolved        'worker-farm': '^1.6.0',
35 silly resolved        'write-file-atomic': '^2.4.2',
35 silly resolved        debuglog: '*',
35 silly resolved        imurmurhash: '*',
35 silly resolved        libnpmaccess: '*',
35 silly resolved        libnpmorg: '*',
35 silly resolved        libnpmsearch: '*',
35 silly resolved        libnpmteam: '*',
35 silly resolved        'lodash._baseindexof': '*',
35 silly resolved        'lodash._bindcallback': '*',
35 silly resolved        'lodash._cacheindexof': '*',
35 silly resolved        'lodash._createcache': '*',
35 silly resolved        'lodash._getnative': '*',
35 silly resolved        'lodash.restparam': '*',
35 silly resolved        'npm-profile': '*',
35 silly resolved        'readdir-scoped-modules': '*' },
35 silly resolved     bundleDependencies:
35 silly resolved      [ 'abbrev',
35 silly resolved        'ansicolors',
35 silly resolved        'ansistyles',
35 silly resolved        'aproba',
35 silly resolved        'archy',
35 silly resolved        'bin-links',
35 silly resolved        'bluebird',
35 silly resolved        'byte-size',
35 silly resolved        'cacache',
35 silly resolved        'call-limit',
35 silly resolved        'chownr',
35 silly resolved        'ci-info',
35 silly resolved        'cli-columns',
35 silly resolved        'cli-table3',
35 silly resolved        'cmd-shim',
35 silly resolved        'columnify',
35 silly resolved        'config-chain',
35 silly resolved        'debuglog',
35 silly resolved        'detect-indent',
35 silly resolved        'detect-newline',
35 silly resolved        'dezalgo',
35 silly resolved        'editor',
35 silly resolved        'figgy-pudding',
35 silly resolved        'find-npm-prefix',
35 silly resolved        'fs-vacuum',
35 silly resolved        'fs-write-stream-atomic',
35 silly resolved        'gentle-fs',
35 silly resolved        'glob',
35 silly resolved        'graceful-fs',
35 silly resolved        'has-unicode',
35 silly resolved        'hosted-git-info',
35 silly resolved        'iferr',
35 silly resolved        'imurmurhash',
35 silly resolved        'inflight',
35 silly resolved        'inherits',
35 silly resolved        'ini',
35 silly resolved        'init-package-json',
35 silly resolved        'is-cidr',
35 silly resolved        'json-parse-better-errors',
35 silly resolved        'JSONStream',
35 silly resolved        'lazy-property',
35 silly resolved        'libcipm',
35 silly resolved        'libnpm',
35 silly resolved        'libnpmaccess',
35 silly resolved        'libnpmhook',
35 silly resolved        'libnpmorg',
35 silly resolved        'libnpmsearch',
35 silly resolved        'libnpmteam',
35 silly resolved        'libnpx',
35 silly resolved        'lock-verify',
35 silly resolved        'lockfile',
35 silly resolved        'lodash._baseindexof',
35 silly resolved        'lodash._baseuniq',
35 silly resolved        'lodash._bindcallback',
35 silly resolved        'lodash._cacheindexof',
35 silly resolved        'lodash._createcache',
35 silly resolved        'lodash._getnative',
35 silly resolved        'lodash.clonedeep',
35 silly resolved        'lodash.restparam',
35 silly resolved        'lodash.union',
35 silly resolved        'lodash.uniq',
35 silly resolved        'lodash.without',
35 silly resolved        'lru-cache',
35 silly resolved        'meant',
35 silly resolved        'mississippi',
35 silly resolved        'mkdirp',
35 silly resolved        'move-concurrently',
35 silly resolved        'node-gyp',
35 silly resolved        'nopt',
35 silly resolved        'normalize-package-data',
35 silly resolved        'npm-audit-report',
35 silly resolved        'npm-cache-filename',
35 silly resolved        'npm-install-checks',
35 silly resolved        'npm-lifecycle',
35 silly resolved        'npm-package-arg',
35 silly resolved        'npm-packlist',
35 silly resolved        'npm-pick-manifest',
35 silly resolved        'npm-profile',
35 silly resolved        'npm-registry-fetch',
35 silly resolved        'npm-user-validate',
35 silly resolved        'npmlog',
35 silly resolved        'once',
35 silly resolved        'opener',
35 silly resolved        'osenv',
35 silly resolved        'pacote',
35 silly resolved        'path-is-inside',
35 silly resolved        'promise-inflight',
35 silly resolved        'qrcode-terminal',
35 silly resolved        'query-string',
35 silly resolved        'qw',
35 silly resolved        'read-cmd-shim',
35 silly resolved        'read-installed',
35 silly resolved        'read-package-json',
35 silly resolved        'read-package-tree',
35 silly resolved        'read',
35 silly resolved        'readable-stream',
35 silly resolved        'readdir-scoped-modules',
35 silly resolved        'request',
35 silly resolved        'retry',
35 silly resolved        'rimraf',
35 silly resolved        ... 22 more items ],
35 silly resolved     devDependencies:
35 silly resolved      { 'deep-equal': '^1.0.1',
35 silly resolved        'get-stream': '^4.1.0',
35 silly resolved        licensee: '^6.1.0',
35 silly resolved        marked: '^0.6.0',
35 silly resolved        'marked-man': '^0.2.1',
35 silly resolved        'npm-registry-couchapp': '^2.7.1',
35 silly resolved        'npm-registry-mock': '^1.1.0',
35 silly resolved        'require-inject': '^1.4.4',
35 silly resolved        'sprintf-js': '^1.1.2',
35 silly resolved        standard: '^11.0.1',
35 silly resolved        tacks: '^1.2.7',
35 silly resolved        tap: '^12.5.3',
35 silly resolved        'tar-stream': '^2.0.0' },
35 silly resolved     scripts:
35 silly resolved      { dumpconf: 'env | grep npm | sort | uniq',
35 silly resolved        prepare: 'node bin/npm-cli.js rebuild && node bin/npm-cli.js --no-audit --no-timing prune --prefix=. --no-global && rimraf test/*/*/node_modules && make -j4 doc',
35 silly resolved        preversion: 'bash scripts/update-authors.sh && git add AUTHORS && git commit -m "update AUTHORS" || true',
35 silly resolved        licenses: 'licensee --production --errors-only',
35 silly resolved        tap: 'tap --reporter=classic --timeout 300',
35 silly resolved        'tap-cover': 'tap --reporter=classic --nyc-arg=\'--cache\' --coverage --timeout 600',
35 silly resolved        test: 'standard && npm run test-tap',
35 silly resolved        'test-coverage': 'npm run tap-cover -- "test/tap/*.js" "test/network/*.js" "test/broken-under-*/*.js"',
35 silly resolved        'test-tap': 'npm run tap -- "test/tap/*.js" "test/network/*.js" "test/broken-under-*/*.js"',
35 silly resolved        'test-node': 'tap --timeout 240 "test/tap/*.js" "test/network/*.js" "test/broken-under-nyc*/*.js"' },
35 silly resolved     license: 'Artistic-2.0',
35 silly resolved     contributors:
35 silly resolved      [ [Object],
35 silly resolved        [Object],
35 silly resolved        [Object],
35 silly resolved        [Object],
35 silly resolved        [Object],
35 silly resolved        [Object],
35 silly resolved        [Object],
35 silly resolved        [Object],
35 silly resolved        [Object],
35 silly resolved        [Object],
35 silly resolved        [Object],
35 silly resolved        [Object],
35 silly resolved        [Object],
35 silly resolved        [Object],
35 silly resolved        [Object],
35 silly resolved        [Object],
35 silly resolved        [Object],
35 silly resolved        [Object],
35 silly resolved        [Object],
35 silly resolved        [Object],
35 silly resolved        [Object],
35 silly resolved        [Object],
35 silly resolved        [Object],
35 silly resolved        [Object],
35 silly resolved        [Object],
35 silly resolved        [Object],
35 silly resolved        [Object],
35 silly resolved        [Object],
35 silly resolved        [Object],
35 silly resolved        [Object],
35 silly resolved        [Object],
35 silly resolved        [Object],
35 silly resolved        [Object],
35 silly resolved        [Object],
35 silly resolved        [Object],
35 silly resolved        [Object],
35 silly resolved        [Object],
35 silly resolved        [Object],
35 silly resolved        [Object],
35 silly resolved        [Object],
35 silly resolved        [Object],
35 silly resolved        [Object],
35 silly resolved        [Object],
35 silly resolved        [Object],
35 silly resolved        [Object],
35 silly resolved        [Object],
35 silly resolved        [Object],
35 silly resolved        [Object],
35 silly resolved        [Object],
35 silly resolved        [Object],
35 silly resolved        [Object],
35 silly resolved        [Object],
35 silly resolved        [Object],
35 silly resolved        [Object],
35 silly resolved        [Object],
35 silly resolved        [Object],
35 silly resolved        [Object],
35 silly resolved        [Object],
35 silly resolved        [Object],
35 silly resolved        [Object],
35 silly resolved        [Object],
35 silly resolved        [Object],
35 silly resolved        [Object],
35 silly resolved        [Object],
35 silly resolved        [Object],
35 silly resolved        [Object],
35 silly resolved        [Object],
35 silly resolved        [Object],
35 silly resolved        [Object],
35 silly resolved        [Object],
35 silly resolved        [Object],
35 silly resolved        [Object],
35 silly resolved        [Object],
35 silly resolved        [Object],
35 silly resolved        [Object],
35 silly resolved        [Object],
35 silly resolved        [Object],
35 silly resolved        [Object],
35 silly resolved        [Object],
35 silly resolved        [Object],
35 silly resolved        [Object],
35 silly resolved        [Object],
35 silly resolved        [Object],
35 silly resolved        [Object],
35 silly resolved        [Object],
35 silly resolved        [Object],
35 silly resolved        [Object],
35 silly resolved        [Object],
35 silly resolved        [Object],
35 silly resolved        [Object],
35 silly resolved        [Object],
35 silly resolved        [Object],
35 silly resolved        [Object],
35 silly resolved        [Object],
35 silly resolved        [Object],
35 silly resolved        [Object],
35 silly resolved        [Object],
35 silly resolved        [Object],
35 silly resolved        [Object],
35 silly resolved        [Object],
35 silly resolved        ... 531 more items ],
35 silly resolved     man:
35 silly resolved      [ '/Users/zkat/Documents/code/work/npm/man/man1/npm-access.1',
35 silly resolved        '/Users/zkat/Documents/code/work/npm/man/man1/npm-adduser.1',
35 silly resolved        '/Users/zkat/Documents/code/work/npm/man/man1/npm-audit.1',
35 silly resolved        '/Users/zkat/Documents/code/work/npm/man/man1/npm-bin.1',
35 silly resolved        '/Users/zkat/Documents/code/work/npm/man/man1/npm-bugs.1',
35 silly resolved        '/Users/zkat/Documents/code/work/npm/man/man1/npm-build.1',
35 silly resolved        '/Users/zkat/Documents/code/work/npm/man/man1/npm-bundle.1',
35 silly resolved        '/Users/zkat/Documents/code/work/npm/man/man1/npm-cache.1',
35 silly resolved        '/Users/zkat/Documents/code/work/npm/man/man1/npm-ci.1',
35 silly resolved        '/Users/zkat/Documents/code/work/npm/man/man1/npm-completion.1',
35 silly resolved        '/Users/zkat/Documents/code/work/npm/man/man1/npm-config.1',
35 silly resolved        '/Users/zkat/Documents/code/work/npm/man/man1/npm-dedupe.1',
35 silly resolved        '/Users/zkat/Documents/code/work/npm/man/man1/npm-deprecate.1',
35 silly resolved        '/Users/zkat/Documents/code/work/npm/man/man1/npm-dist-tag.1',
35 silly resolved        '/Users/zkat/Documents/code/work/npm/man/man1/npm-docs.1',
35 silly resolved        '/Users/zkat/Documents/code/work/npm/man/man1/npm-doctor.1',
35 silly resolved        '/Users/zkat/Documents/code/work/npm/man/man1/npm-edit.1',
35 silly resolved        '/Users/zkat/Documents/code/work/npm/man/man1/npm-explore.1',
35 silly resolved        '/Users/zkat/Documents/code/work/npm/man/man1/npm-help-search.1',
35 silly resolved        '/Users/zkat/Documents/code/work/npm/man/man1/npm-help.1',
35 silly resolved        '/Users/zkat/Documents/code/work/npm/man/man1/npm-hook.1',
35 silly resolved        '/Users/zkat/Documents/code/work/npm/man/man1/npm-init.1',
35 silly resolved        '/Users/zkat/Documents/code/work/npm/man/man1/npm-install-ci-test.1',
35 silly resolved        '/Users/zkat/Documents/code/work/npm/man/man1/npm-install-test.1',
35 silly resolved        '/Users/zkat/Documents/code/work/npm/man/man1/npm-install.1',
35 silly resolved        '/Users/zkat/Documents/code/work/npm/man/man1/npm-link.1',
35 silly resolved        '/Users/zkat/Documents/code/work/npm/man/man1/npm-logout.1',
35 silly resolved        '/Users/zkat/Documents/code/work/npm/man/man1/npm-ls.1',
35 silly resolved        '/Users/zkat/Documents/code/work/npm/man/man1/npm-org.1',
35 silly resolved        '/Users/zkat/Documents/code/work/npm/man/man1/npm-outdated.1',
35 silly resolved        '/Users/zkat/Documents/code/work/npm/man/man1/npm-owner.1',
35 silly resolved        '/Users/zkat/Documents/code/work/npm/man/man1/npm-pack.1',
35 silly resolved        '/Users/zkat/Documents/code/work/npm/man/man1/npm-ping.1',
35 silly resolved        '/Users/zkat/Documents/code/work/npm/man/man1/npm-prefix.1',
35 silly resolved        '/Users/zkat/Documents/code/work/npm/man/man1/npm-profile.1',
35 silly resolved        '/Users/zkat/Documents/code/work/npm/man/man1/npm-prune.1',
35 silly resolved        '/Users/zkat/Documents/code/work/npm/man/man1/npm-publish.1',
35 silly resolved        '/Users/zkat/Documents/code/work/npm/man/man1/npm-README.1',
35 silly resolved        '/Users/zkat/Documents/code/work/npm/man/man1/npm-rebuild.1',
35 silly resolved        '/Users/zkat/Documents/code/work/npm/man/man1/npm-repo.1',
35 silly resolved        '/Users/zkat/Documents/code/work/npm/man/man1/npm-restart.1',
35 silly resolved        '/Users/zkat/Documents/code/work/npm/man/man1/npm-root.1',
35 silly resolved        '/Users/zkat/Documents/code/work/npm/man/man1/npm-run-script.1',
35 silly resolved        '/Users/zkat/Documents/code/work/npm/man/man1/npm-search.1',
35 silly resolved        '/Users/zkat/Documents/code/work/npm/man/man1/npm-shrinkwrap.1',
35 silly resolved        '/Users/zkat/Documents/code/work/npm/man/man1/npm-star.1',
35 silly resolved        '/Users/zkat/Documents/code/work/npm/man/man1/npm-stars.1',
35 silly resolved        '/Users/zkat/Documents/code/work/npm/man/man1/npm-start.1',
35 silly resolved        '/Users/zkat/Documents/code/work/npm/man/man1/npm-stop.1',
35 silly resolved        '/Users/zkat/Documents/code/work/npm/man/man1/npm-team.1',
35 silly resolved        '/Users/zkat/Documents/code/work/npm/man/man1/npm-test.1',
35 silly resolved        '/Users/zkat/Documents/code/work/npm/man/man1/npm-token.1',
35 silly resolved        '/Users/zkat/Documents/code/work/npm/man/man1/npm-uninstall.1',
35 silly resolved        '/Users/zkat/Documents/code/work/npm/man/man1/npm-unpublish.1',
35 silly resolved        '/Users/zkat/Documents/code/work/npm/man/man1/npm-update.1',
35 silly resolved        '/Users/zkat/Documents/code/work/npm/man/man1/npm-version.1',
35 silly resolved        '/Users/zkat/Documents/code/work/npm/man/man1/npm-view.1',
35 silly resolved        '/Users/zkat/Documents/code/work/npm/man/man1/npm-whoami.1',
35 silly resolved        '/Users/zkat/Documents/code/work/npm/man/man1/npm.1',
35 silly resolved        '/Users/zkat/Documents/code/work/npm/man/man1/npx.1',
35 silly resolved        '/Users/zkat/Documents/code/work/npm/man/man5/npm-folders.5',
35 silly resolved        '/Users/zkat/Documents/code/work/npm/man/man5/npm-global.5',
35 silly resolved        '/Users/zkat/Documents/code/work/npm/man/man5/npm-json.5',
35 silly resolved        '/Users/zkat/Documents/code/work/npm/man/man5/npm-package-locks.5',
35 silly resolved        '/Users/zkat/Documents/code/work/npm/man/man5/npm-shrinkwrap.json.5',
35 silly resolved        '/Users/zkat/Documents/code/work/npm/man/man5/npmrc.5',
35 silly resolved        '/Users/zkat/Documents/code/work/npm/man/man5/package-lock.json.5',
35 silly resolved        '/Users/zkat/Documents/code/work/npm/man/man5/package.json.5',
35 silly resolved        '/Users/zkat/Documents/code/work/npm/man/man7/npm-coding-style.7',
35 silly resolved        '/Users/zkat/Documents/code/work/npm/man/man7/npm-config.7',
35 silly resolved        '/Users/zkat/Documents/code/work/npm/man/man7/npm-developers.7',
35 silly resolved        '/Users/zkat/Documents/code/work/npm/man/man7/npm-disputes.7',
35 silly resolved        '/Users/zkat/Documents/code/work/npm/man/man7/npm-index.7',
35 silly resolved        '/Users/zkat/Documents/code/work/npm/man/man7/npm-orgs.7',
35 silly resolved        '/Users/zkat/Documents/code/work/npm/man/man7/npm-registry.7',
35 silly resolved        '/Users/zkat/Documents/code/work/npm/man/man7/npm-scope.7',
35 silly resolved        '/Users/zkat/Documents/code/work/npm/man/man7/npm-scripts.7',
35 silly resolved        '/Users/zkat/Documents/code/work/npm/man/man7/removing-npm.7',
35 silly resolved        '/Users/zkat/Documents/code/work/npm/man/man7/semver.7' ],
35 silly resolved     readme: 'npm(1) -- a JavaScript package manager\n==============================\n\n[![Build Status](https://img.shields.io/travis/npm/cli/latest.svg)](https://travis-ci.org/npm/cli)\n\n## SYNOPSIS\n\nThis is just enough info to get you up and running.\n\nMuch more info will be available via `npm help` once it\'s installed.\n\n## IMPORTANT\n\n**You need node v6 or higher to run this program.**\n\nTo install an old **and unsupported** version of npm that works on node v5\nand prior, clone the git repo and dig through the old tags and branches.\n\n**npm is configured to use npm, Inc.\'s public registry at\n<https://registry.npmjs.org> by default.** Use of the npm public registry\nis subject to terms of use available at <https://www.npmjs.com/policies/terms>.\n\nYou can configure npm to use any compatible registry you\nlike, and even run your own registry. Check out the [doc on\nregistries](https://docs.npmjs.com/misc/registry).\n\n## Super Easy Install\n\nnpm is bundled with [node](https://nodejs.org/en/download/).\n\n### Windows Computers\n\n[Get the MSI](https://nodejs.org/en/download/).  npm is in it.\n\n### Apple Macintosh Computers\n\n[Get the pkg](https://nodejs.org/en/download/).  npm is in it.\n\n### Other Sorts of Unices\n\nRun `make install`.  npm will be installed with node.\n\nIf you want a more fancy pants install (a different version, customized\npaths, etc.) then read on.\n\n## Fancy Install (Unix)\n\nThere\'s a pretty robust install script at\n<https://www.npmjs.com/install.sh>.  You can download that and run it.\n\nHere\'s an example using curl:\n\n```sh\ncurl -L https://www.npmjs.com/install.sh | sh\n```\n\n### Slightly Fancier\n\nYou can set any npm configuration params with that script:\n\n```sh\nnpm_config_prefix=/some/path sh install.sh\n```\n\nOr, you can run it in uber-debuggery mode:\n\n```sh\nnpm_debug=1 sh install.sh\n```\n\n### Even Fancier\n\nGet the code with git.  Use `make` to build the docs and do other stuff.\nIf you plan on hacking on npm, `make link` is your friend.\n\nIf you\'ve got the npm source code, you can also semi-permanently set\narbitrary config keys using the `./configure --key=val ...`, and then\nrun npm commands by doing `node bin/npm-cli.js <command> <args>`.  (This is helpful\nfor testing, or running stuff without actually installing npm itself.)\n\n## Windows Install or Upgrade\n\nMany improvements for Windows users have been made in npm 3 - you will have a better\nexperience if you run a recent version of npm. To upgrade, either use [Microsoft\'s\nupgrade tool](https://github.com/felixrieseberg/npm-windows-upgrade),\n[download a new version of Node](https://nodejs.org/en/download/),\nor follow the Windows upgrade instructions in the\n[Installing/upgrading npm](https://npm.community/t/installing-upgrading-npm/251/2) post.\n\nIf that\'s not fancy enough for you, then you can fetch the code with\ngit, and mess with it directly.\n\n## Installing on Cygwin\n\nNo.\n\n## Uninstalling\n\nSo sad to see you go.\n\n```sh\nsudo npm uninstall npm -g\n```\nOr, if that fails,\n\n```sh\nsudo make uninstall\n```\n\n## More Severe Uninstalling\n\nUsually, the above instructions are sufficient.  That will remove\nnpm, but leave behind anything you\'ve installed.\n\nIf you would like to remove all the packages that you have installed,\nthen you can use the `npm ls` command to find them, and then `npm rm` to\nremove them.\n\nTo remove cruft left behind by npm 0.x, you can use the included\n`clean-old.sh` script file.  You can run it conveniently like this:\n\n```sh\nnpm explore npm -g -- sh scripts/clean-old.sh\n```\n\nnpm uses two configuration files, one for per-user configs, and another\nfor global (every-user) configs.  You can view them by doing:\n\n```sh\nnpm config get userconfig   # defaults to ~/.npmrc\nnpm config get globalconfig # defaults to /usr/local/etc/npmrc\n```\n\nUninstalling npm does not remove configuration files by default.  You\nmust remove them yourself manually if you want them gone.  Note that\nthis means that future npm installs will not remember the settings that\nyou have chosen.\n\n## More Docs\n\nCheck out the [docs](https://docs.npmjs.com/).\n\nYou can use the `npm help` command to read any of them.\n\nIf you\'re a developer, and you want to use npm to publish your program,\nyou should [read this](https://docs.npmjs.com/misc/developers).\n\n## BUGS\n\nWhen you find issues, please report them:\n\n* web:\n  <https://npm.community/c/bugs>\n\nBe sure to include *all* of the output from the npm command that didn\'t work\nas expected.  The `npm-debug.log` file is also helpful to provide.\n\nYou can also find npm people in `#npm` on https://package.community/ or\n[on Twitter](https://twitter.com/npm_support).  Whoever responds will no\ndoubt tell you to put the output in a gist or email.\n\n## SEE ALSO\n\n* npm(1)\n* npm-help(1)\n* npm-index(7)\n',
35 silly resolved     readmeFilename: 'README.md',
35 silly resolved     gitHead: '656bce7dd0f9753a273912e803261ed246593924',
35 silly resolved     _id: 'npm@6.9.0',
35 silly resolved     _nodeVersion: '11.6.0',
35 silly resolved     _npmVersion: '6.9.0',
35 silly resolved     dist:
35 silly resolved      { integrity: 'sha512-91V+zB5hDxO+Jyp2sUKS7juHlIM95dGQxTeQtmZI1nAI/7kjWXFipPrtwwKjhyKmV4GsS2LzJhrxRjGWsU9z/w==',
35 silly resolved        shasum: '5296720486814a64a7fb082de00c4b5cfd11211f',
35 silly resolved        tarball: 'https://registry.npmjs.org/npm/-/npm-6.9.0.tgz',
35 silly resolved        fileCount: 4026,
35 silly resolved        unpackedSize: 18633904,
35 silly resolved        'npm-signature': '-----BEGIN PGP SIGNATURE-----\r\nVersion: OpenPGP.js v3.0.4\r\nComment: https://openpgpjs.org\r\n\r\nwsFcBAEBCAAQBQJcgBiSCRA9TVsSAnZWagAAa8MP/jlw4PIVnQPwedTK5ctX\nKsnn5B7TQxEqV63YpG6oRI/w6xU+hiEd0JKRr3s+c6mlo59LDsaHcIrgVCpE\nQiNMWAc02AkE39qWupMPJIe2o+WdBZjZnSW1cy5L82cL0Io49TJwMGD6lpnr\nPO9X6SX6AJ4wFlurxFjV/wI1SgoHDuENruPPXfBYetKHMt7xmjiVF2aT9XG0\n4xBI37lp2QXOCF9B665EbkB3hd8h6pN0vaiObJdKbFexCQWO27AydOVi0Dll\nbIokyBrI+JI8auQERrpJmWhyTkulOBAT8RzZ619dU1mHa/BCMHrnnex46euK\nK14pLEe6SQlmpiBiRMiGjTT6+uQnT2ZiH6hgKvxCPzfBGNV7ytBeT/LztRlT\nRGUzM62OXtQa2E27kddymuk0Pf/0A4gc/DR9V2iEHalklt4NIiA90FiXsN7i\nCMc+NTKgJeGlCnuXcDxDGeX1E+MpyrV9UvorclFSjOvBcm6dxVU8Y6TjZxeR\ns9GnJTy8/MtCGLjHjh66wXHqne/WUEsN17k36g0hteVp43bjHzuITns5U/RN\nj1FXUvPWXnkEMMq6RdtYJ3tf+epaYkdp1/0STIb1RxKnJBHunjQB2Kp/yhiB\n7mCQeDjwC2lK5qiSVfMSb1EF/mu4BBp12GWv+QSYr4CeJ1ltev2pJDE9rXzm\nMtkX\r\n=ruQl\r\n-----END PGP SIGNATURE-----\r\n' },
35 silly resolved     maintainers: [ [Object], [Object], [Object], [Object], [Object] ],
35 silly resolved     _npmUser: { name: 'zkat', email: 'npm@zkat.tech' },
35 silly resolved     _npmOperationalInternal:
35 silly resolved      { host: 's3://npm-registry-packages',
35 silly resolved        tmp: 'tmp/npm_6.9.0_1551898769482_0.09297347109337206' },
35 silly resolved     _hasShrinkwrap: false,
35 silly resolved     _shasum: '5296720486814a64a7fb082de00c4b5cfd11211f',
35 silly resolved     _from: 'npm@latest',
35 silly resolved     _resolved: 'https://registry.npmjs.org/npm/-/npm-6.9.0.tgz' } ]
36 info install npm@6.9.0 into /usr/local/lib
37 info installOne npm@6.9.0
38 verbose lib/node_modules/npm unbuild
39 info preuninstall npm@6.9.0
40 info uninstall npm@6.9.0
41 verbose true,/usr/local/lib/node_modules,/usr/local/lib/node_modules unbuild npm@6.9.0
42 verbose /usr/local/bin,[object Object] binRoot
43 verbose lib/node_modules/npm unbuild
44 info preuninstall npm@6.9.0
45 info uninstall npm@6.9.0
46 verbose true,/usr/local/lib/node_modules,/usr/local/lib/node_modules unbuild npm@6.9.0
47 verbose /usr/local/bin,[object Object] binRoot
48 error error rolling back Error: EACCES: permission denied, unlink '/usr/local/bin/npm'
48 error error rolling back  npm@6.9.0 { Error: EACCES: permission denied, unlink '/usr/local/bin/npm'
48 error error rolling back   errno: -13,
48 error error rolling back   code: 'EACCES',
48 error error rolling back   syscall: 'unlink',
48 error error rolling back   path: '/usr/local/bin/npm' }
49 error Error: EACCES: permission denied, unlink '/usr/local/bin/npm'
49 error  { Error: EACCES: permission denied, unlink '/usr/local/bin/npm'
49 error   errno: -13,
49 error   code: 'EACCES',
49 error   syscall: 'unlink',
49 error   path: '/usr/local/bin/npm' }
50 error Please try running this command again as root/Administrator.
51 error System Linux 4.14.79-v7+
52 error command "/usr/bin/node" "/usr/bin/npm" "install" "-g" "npm@latest"
53 error cwd /home/pi/thomasAutomation/Snowboy/DynamicCaching
54 error node -v v8.11.1
55 error npm -v 1.4.21
56 error path /usr/local/bin/npm
57 error syscall unlink
58 error code EACCES
59 error errno -13
60 error stack Error: EACCES: permission denied, unlink '/usr/local/bin/npm'
61 verbose exit [ -13, true ]
